C:\JavaLesson>cd C:\JavaLesson\java.firstrepository\sandbox

C:\JavaLesson\java.firstrepository\sandbox>c:\Tools\gradle-2.10\bin\gradle build

FAILURE: Build failed with an exception.

* Where:
Build file 'C:\JavaLesson\java.firstrepository\sandbox\build.gradle' line: 1

* What went wrong:
A problem occurred evaluating root project 'sandbox'.
> No such property: Plugin for class: org.gradle.api.internal.plugins.DefaultObjectConfigurationAction

* Try:
Run with --stacktrace option to get the stack trace. Run with --info or --debug option to get more log output.

BUILD FAILED

Total time: 8.56 secs